\BOOKMARK [1][-]{section.1}{\376\377\0001\000\040\000T\000e\000a\000m\000\040\000M\000e\000m\000b\000e\000r\000s}{}% 1
\BOOKMARK [1][-]{section.2}{\376\377\0002\000\040\000I\000n\000t\000r\000o\000d\000u\000c\000t\000i\000o\000n}{}% 2
\BOOKMARK [1][-]{section.3}{\376\377\0003\000\040\000I\000n\000s\000t\000a\000l\000l\000a\000t\000i\000o\000n}{}% 3
\BOOKMARK [2][-]{subsection.3.1}{\376\377\0003\000.\0001\000\040\000S\000y\000s\000t\000e\000m\000\040\000R\000e\000q\000u\000i\000r\000e\000m\000e\000n\000t\000s}{section.3}% 4
\BOOKMARK [2][-]{subsection.3.2}{\376\377\0003\000.\0002\000\040\000I\000n\000s\000t\000a\000l\000l\000\040\000a\000n\000d\000\040\000C\000o\000m\000p\000i\000l\000e}{section.3}% 5
\BOOKMARK [3][-]{subsubsection.3.2.1}{\376\377\0003\000.\0002\000.\0001\000\040\000U\000n\000i\000x}{subsection.3.2}% 6
\BOOKMARK [3][-]{subsubsection.3.2.2}{\376\377\0003\000.\0002\000.\0002\000\040\000M\000a\000c}{subsection.3.2}% 7
\BOOKMARK [3][-]{subsubsection.3.2.3}{\376\377\0003\000.\0002\000.\0003\000\040\000W\000i\000n\000d\000o\000w\000s}{subsection.3.2}% 8
\BOOKMARK [1][-]{section.4}{\376\377\0004\000\040\000E\000x\000a\000m\000p\000l\000e}{}% 9
\BOOKMARK [2][-]{subsection.4.1}{\376\377\0004\000.\0001\000\040\000Q\000u\000i\000c\000k\000\040\000E\000x\000a\000m\000p\000l\000e}{section.4}% 10
\BOOKMARK [2][-]{subsection.4.2}{\376\377\0004\000.\0002\000\040\000B\000A\000R\000T\000\040\000E\000x\000a\000m\000p\000l\000e}{section.4}% 11
\BOOKMARK [1][-]{section.5}{\376\377\0005\000\040\000P\000r\000o\000g\000r\000a\000m\000\040\000I\000n\000p\000u\000t\000s}{}% 12
\BOOKMARK [2][-]{subsection.5.1}{\376\377\0005\000.\0001\000\040\000M\000A\000R\000G\000E\000\040\000I\000n\000p\000u\000t\000\040\000D\000a\000t\000a\000\040\000F\000o\000r\000m\000a\000t}{section.5}% 13
\BOOKMARK [2][-]{subsection.5.2}{\376\377\0005\000.\0002\000\040\000M\000A\000R\000G\000E\000\040\000C\000o\000n\000f\000i\000g\000u\000r\000a\000t\000i\000o\000n\000\040\000F\000i\000l\000e}{section.5}% 14
\BOOKMARK [3][-]{subsubsection.5.2.1}{\376\377\0005\000.\0002\000.\0001\000\040\000L\000a\000y\000e\000r\000s}{subsection.5.2}% 15
\BOOKMARK [3][-]{subsubsection.5.2.2}{\376\377\0005\000.\0002\000.\0002\000\040\000A\000c\000t\000i\000v\000a\000t\000i\000o\000n\000\040\000f\000u\000n\000c\000t\000i\000o\000n\000s}{subsection.5.2}% 16
\BOOKMARK [3][-]{subsubsection.5.2.3}{\376\377\0005\000.\0002\000.\0003\000\040\000B\000A\000R\000T\000\040\000C\000o\000n\000f\000i\000g\000u\000r\000a\000t\000i\000o\000n\000\040\000F\000i\000l\000e}{subsection.5.2}% 17
\BOOKMARK [1][-]{section.6}{\376\377\0006\000\040\000F\000i\000l\000e\000s\000\040\000p\000r\000o\000d\000u\000c\000e\000d\000\040\000w\000h\000e\000n\000\040\000r\000u\000n\000n\000i\000n\000g\000\040\000M\000A\000R\000G\000E}{}% 18
\BOOKMARK [1][-]{section.7}{\376\377\0007\000\040\000D\000e\000t\000e\000r\000m\000i\000n\000i\000n\000g\000\040\000t\000h\000e\000\040\000O\000p\000t\000i\000m\000a\000l\000\040\000M\000o\000d\000e\000l\000\040\000A\000r\000c\000h\000i\000t\000e\000c\000t\000u\000r\000e}{}% 19
\BOOKMARK [2][-]{subsection.7.1}{\376\377\0007\000.\0001\000\040\000M\000o\000d\000e\000l\000\040\000G\000r\000i\000d\000\040\000S\000e\000a\000r\000c\000h}{section.7}% 20
\BOOKMARK [2][-]{subsection.7.2}{\376\377\0007\000.\0002\000\040\000B\000a\000y\000e\000s\000i\000a\000n\000\040\000H\000y\000p\000e\000r\000p\000a\000r\000a\000m\000e\000t\000e\000r\000\040\000O\000p\000t\000i\000m\000i\000z\000a\000t\000i\000o\000n}{section.7}% 21
\BOOKMARK [2][-]{subsection.7.3}{\376\377\0007\000.\0003\000\040\000C\000L\000R\000\040\000P\000a\000r\000a\000m\000e\000t\000e\000r\000s}{section.7}% 22
\BOOKMARK [1][-]{section.8}{\376\377\0008\000\040\000U\000s\000i\000n\000g\000\040\000a\000\040\000M\000A\000R\000G\000E\000\040\000m\000o\000d\000e\000l\000\040\000i\000n\000\040\000a\000n\000o\000t\000h\000e\000r\000\040\000c\000o\000d\000e}{}% 23
\BOOKMARK [2][-]{subsection.8.1}{\376\377\0008\000.\0001\000\040\000G\000e\000n\000e\000r\000a\000l\000\040\000i\000n\000f\000o\000r\000m\000a\000t\000i\000o\000n}{section.8}% 24
\BOOKMARK [2][-]{subsection.8.2}{\376\377\0008\000.\0002\000\040\000P\000y\000t\000h\000o\000n}{section.8}% 25
\BOOKMARK [2][-]{subsection.8.3}{\376\377\0008\000.\0003\000\040\000O\000t\000h\000e\000r\000\040\000l\000a\000n\000g\000u\000a\000g\000e\000s}{section.8}% 26
\BOOKMARK [1][-]{section.9}{\376\377\0009\000\040\000F\000A\000Q}{}% 27
\BOOKMARK [1][-]{section.10}{\376\377\0001\0000\000\040\000B\000e\000\040\000K\000i\000n\000d}{}% 28
